1664735061254	geckodriver	INFO	Listening on 127.0.0.1:34731
1664735061972	mozrunner::runner	INFO	Running command: "/usr/bin/firefox" "--marionette" "--remote-debugging-port" "37087" "--remote-allow-hosts" "localhost" "-no-remote" "-profile" "/tmp/rust_mozprofile3DQ5mv"
Gtk-Message: 20:24:22.262: Failed to load module "canberra-gtk-module"
Gtk-Message: 20:24:22.267: Failed to load module "canberra-gtk-module"
ATTENTION: default value of option mesa_glthread overridden by environment.
ATTENTION: default value of option mesa_glthread overridden by environment.
ATTENTION: default value of option mesa_glthread overridden by environment.
ATTENTION: default value of option mesa_glthread overridden by environment.
1664735188549	geckodriver	INFO	Listening on 127.0.0.1:37777
1664735189264	mozrunner::runner	INFO	Running command: "/usr/bin/firefox" "--marionette" "--remote-debugging-port" "56439" "--remote-allow-hosts" "localhost" "-no-remote" "-profile" "/tmp/rust_mozprofileUxh0JQ"
Gtk-Message: 20:26:29.534: Failed to load module "canberra-gtk-module"
Gtk-Message: 20:26:29.536: Failed to load module "canberra-gtk-module"
ATTENTION: default value of option mesa_glthread overridden by environment.
ATTENTION: default value of option mesa_glthread overridden by environment.
ATTENTION: default value of option mesa_glthread overridden by environment.
ATTENTION: default value of option mesa_glthread overridden by environment.
1664735377634	geckodriver	INFO	Listening on 127.0.0.1:42275
1664735378329	mozrunner::runner	INFO	Running command: "/usr/bin/firefox" "--marionette" "--remote-debugging-port" "34687" "--remote-allow-hosts" "localhost" "-no-remote" "-profile" "/tmp/rust_mozprofile9FlH1e"
Gtk-Message: 20:29:38.613: Failed to load module "canberra-gtk-module"
Gtk-Message: 20:29:38.615: Failed to load module "canberra-gtk-module"
ATTENTION: default value of option mesa_glthread overridden by environment.
ATTENTION: default value of option mesa_glthread overridden by environment.
ATTENTION: default value of option mesa_glthread overridden by environment.
ATTENTION: default value of option mesa_glthread overridden by environment.
1664735436091	geckodriver	INFO	Listening on 127.0.0.1:37819
1664735436978	mozrunner::runner	INFO	Running command: "/usr/bin/firefox" "--marionette" "--remote-debugging-port" "36921" "--remote-allow-hosts" "localhost" "-no-remote" "-profile" "/tmp/rust_mozprofileaA8NLw"
Gtk-Message: 20:30:37.554: Failed to load module "canberra-gtk-module"
Gtk-Message: 20:30:37.557: Failed to load module "canberra-gtk-module"
ATTENTION: default value of option mesa_glthread overridden by environment.
ATTENTION: default value of option mesa_glthread overridden by environment.
ATTENTION: default value of option mesa_glthread overridden by environment.
ATTENTION: default value of option mesa_glthread overridden by environment.
1664735595342	geckodriver	INFO	Listening on 127.0.0.1:50825
1664735596055	mozrunner::runner	INFO	Running command: "/usr/bin/firefox" "--marionette" "--remote-debugging-port" "58877" "--remote-allow-hosts" "localhost" "-no-remote" "-profile" "/tmp/rust_mozprofilefBaU3A"
Gtk-Message: 20:33:16.332: Failed to load module "canberra-gtk-module"
Gtk-Message: 20:33:16.336: Failed to load module "canberra-gtk-module"
ATTENTION: default value of option mesa_glthread overridden by environment.
ATTENTION: default value of option mesa_glthread overridden by environment.
ATTENTION: default value of option mesa_glthread overridden by environment.
ATTENTION: default value of option mesa_glthread overridden by environment.
1664735756343	geckodriver	INFO	Listening on 127.0.0.1:40833
1664735757061	mozrunner::runner	INFO	Running command: "/usr/bin/firefox" "--marionette" "--remote-debugging-port" "45909" "--remote-allow-hosts" "localhost" "-no-remote" "-profile" "/tmp/rust_mozprofilefHtqRP"
Gtk-Message: 20:35:57.358: Failed to load module "canberra-gtk-module"
Gtk-Message: 20:35:57.361: Failed to load module "canberra-gtk-module"
ATTENTION: default value of option mesa_glthread overridden by environment.
ATTENTION: default value of option mesa_glthread overridden by environment.
ATTENTION: default value of option mesa_glthread overridden by environment.
ATTENTION: default value of option mesa_glthread overridden by environment.
